<?xml version="1.0" encoding="UTF-8"?>
<!-- Generated by org.testng.reporters.JUnitReportReporter -->
<testsuite hostname="SeenaReddy" failures="0" tests="1" name="com.testscenarios.TS_002_RoundTripSearch" time="108.381" errors="0" timestamp="2024-03-11T07:53:53 MDT" skipped="0">
  <testcase classname="com.testscenarios.TS_002_RoundTripSearch" name="tc_01_RoundTripSearch" time="108.381"/>
</testsuite> <!-- com.testscenarios.TS_002_RoundTripSearch -->
